{"C:\\Users\\Dagime\\Documents\\Learning\\Full-StackOpen Projets\\bloglist-frontend\\src\\App.jsx": {"path":"C:\\Users\\Dagime\\Documents\\Learning\\Full-StackOpen Projets\\bloglist-frontend\\src\\App.jsx","statementMap":{"0":{"start":{"line":10,"column":12},"end":{"line":104,"column":1}},"1":{"start":{"line":11,"column":28},"end":{"line":11,"column":40}},"2":{"start":{"line":12,"column":42},"end":{"line":12,"column":56}},"3":{"start":{"line":13,"column":26},"end":{"line":13,"column":36}},"4":{"start":{"line":14,"column":18},"end":{"line":14,"column":26}},"5":{"start":{"line":15,"column":19},"end":{"line":15,"column":27}},"6":{"start":{"line":17,"column":2},"end":{"line":19,"column":9}},"7":{"start":{"line":18,"column":4},"end":{"line":18,"column":58}},"8":{"start":{"line":18,"column":41},"end":{"line":18,"column":56}},"9":{"start":{"line":20,"column":2},"end":{"line":27,"column":9}},"10":{"start":{"line":21,"column":25},"end":{"line":21,"column":68}},"11":{"start":{"line":22,"column":4},"end":{"line":26,"column":5}},"12":{"start":{"line":23,"column":19},"end":{"line":23,"column":43}},"13":{"start":{"line":24,"column":6},"end":{"line":24,"column":20}},"14":{"start":{"line":25,"column":6},"end":{"line":25,"column":39}},"15":{"start":{"line":29,"column":22},"end":{"line":39,"column":3}},"16":{"start":{"line":30,"column":4},"end":{"line":30,"column":40}},"17":{"start":{"line":31,"column":4},"end":{"line":38,"column":5}},"18":{"start":{"line":32,"column":19},"end":{"line":32,"column":56}},"19":{"start":{"line":33,"column":6},"end":{"line":33,"column":72}},"20":{"start":{"line":34,"column":6},"end":{"line":34,"column":39}},"21":{"start":{"line":35,"column":6},"end":{"line":35,"column":20}},"22":{"start":{"line":37,"column":6},"end":{"line":37,"column":29}},"23":{"start":{"line":40,"column":26},"end":{"line":45,"column":3}},"24":{"start":{"line":41,"column":4},"end":{"line":41,"column":41}},"25":{"start":{"line":42,"column":4},"end":{"line":44,"column":13}},"26":{"start":{"line":43,"column":6},"end":{"line":43,"column":28}},"27":{"start":{"line":46,"column":27},"end":{"line":54,"column":3}},"28":{"start":{"line":47,"column":4},"end":{"line":47,"column":39}},"29":{"start":{"line":48,"column":4},"end":{"line":53,"column":5}},"30":{"start":{"line":49,"column":6},"end":{"line":49,"column":44}},"31":{"start":{"line":50,"column":6},"end":{"line":50,"column":43}},"32":{"start":{"line":52,"column":6},"end":{"line":52,"column":29}},"33":{"start":{"line":55,"column":23},"end":{"line":59,"column":3}},"34":{"start":{"line":56,"column":4},"end":{"line":56,"column":32}},"35":{"start":{"line":57,"column":4},"end":{"line":57,"column":29}},"36":{"start":{"line":58,"column":4},"end":{"line":58,"column":18}},"37":{"start":{"line":61,"column":23},"end":{"line":68,"column":3}},"38":{"start":{"line":62,"column":4},"end":{"line":67,"column":5}},"39":{"start":{"line":63,"column":6},"end":{"line":63,"column":44}},"40":{"start":{"line":64,"column":6},"end":{"line":64,"column":43}},"41":{"start":{"line":66,"column":6},"end":{"line":66,"column":29}},"42":{"start":{"line":69,"column":23},"end":{"line":76,"column":3}},"43":{"start":{"line":70,"column":4},"end":{"line":75,"column":5}},"44":{"start":{"line":71,"column":6},"end":{"line":71,"column":64}},"45":{"start":{"line":72,"column":6},"end":{"line":72,"column":43}},"46":{"start":{"line":74,"column":6},"end":{"line":74,"column":29}},"47":{"start":{"line":78,"column":2},"end":{"line":103,"column":4}},"48":{"start":{"line":95,"column":8},"end":{"line":100,"column":10}}},"fnMap":{"0":{"name":"(anonymous_0)","decl":{"start":{"line":10,"column":12},"end":{"line":10,"column":13}},"loc":{"start":{"line":10,"column":18},"end":{"line":104,"column":1}},"line":10},"1":{"name":"(anonymous_1)","decl":{"start":{"line":17,"column":12},"end":{"line":17,"column":13}},"loc":{"start":{"line":17,"column":18},"end":{"line":19,"column":3}},"line":17},"2":{"name":"(anonymous_2)","decl":{"start":{"line":18,"column":30},"end":{"line":18,"column":31}},"loc":{"start":{"line":18,"column":41},"end":{"line":18,"column":56}},"line":18},"3":{"name":"(anonymous_3)","decl":{"start":{"line":20,"column":12},"end":{"line":20,"column":13}},"loc":{"start":{"line":20,"column":18},"end":{"line":27,"column":3}},"line":20},"4":{"name":"(anonymous_4)","decl":{"start":{"line":29,"column":22},"end":{"line":29,"column":23}},"loc":{"start":{"line":29,"column":45},"end":{"line":39,"column":3}},"line":29},"5":{"name":"(anonymous_5)","decl":{"start":{"line":40,"column":26},"end":{"line":40,"column":27}},"loc":{"start":{"line":40,"column":44},"end":{"line":45,"column":3}},"line":40},"6":{"name":"(anonymous_6)","decl":{"start":{"line":42,"column":15},"end":{"line":42,"column":16}},"loc":{"start":{"line":42,"column":21},"end":{"line":44,"column":5}},"line":42},"7":{"name":"(anonymous_7)","decl":{"start":{"line":46,"column":27},"end":{"line":46,"column":28}},"loc":{"start":{"line":46,"column":46},"end":{"line":54,"column":3}},"line":46},"8":{"name":"(anonymous_8)","decl":{"start":{"line":55,"column":23},"end":{"line":55,"column":24}},"loc":{"start":{"line":55,"column":29},"end":{"line":59,"column":3}},"line":55},"9":{"name":"(anonymous_9)","decl":{"start":{"line":61,"column":23},"end":{"line":61,"column":24}},"loc":{"start":{"line":61,"column":39},"end":{"line":68,"column":3}},"line":61},"10":{"name":"(anonymous_10)","decl":{"start":{"line":69,"column":23},"end":{"line":69,"column":24}},"loc":{"start":{"line":69,"column":46},"end":{"line":76,"column":3}},"line":69},"11":{"name":"(anonymous_11)","decl":{"start":{"line":94,"column":17},"end":{"line":94,"column":18}},"loc":{"start":{"line":95,"column":8},"end":{"line":100,"column":10}},"line":95}},"branchMap":{"0":{"loc":{"start":{"line":22,"column":4},"end":{"line":26,"column":5}},"type":"if","locations":[{"start":{"line":22,"column":4},"end":{"line":26,"column":5}},{"start":{},"end":{}}],"line":22},"1":{"loc":{"start":{"line":88,"column":11},"end":{"line":88,"column":45}},"type":"cond-expr","locations":[{"start":{"line":88,"column":18},"end":{"line":88,"column":38}},{"start":{"line":88,"column":41},"end":{"line":88,"column":45}}],"line":88}},"s":{"0":0,"1":0,"2":0,"3":0,"4":0,"5":0,"6":0,"7":0,"8":0,"9":0,"10":0,"11":0,"12":0,"13":0,"14":0,"15":0,"16":0,"17":0,"18":0,"19":0,"20":0,"21":0,"22":0,"23":0,"24":0,"25":0,"26":0,"27":0,"28":0,"29":0,"30":0,"31":0,"32":0,"33":0,"34":0,"35":0,"36":0,"37":0,"38":0,"39":0,"40":0,"41":0,"42":0,"43":0,"44":0,"45":0,"46":0,"47":0,"48":0},"f":{"0":0,"1":0,"2":0,"3":0,"4":0,"5":0,"6":0,"7":0,"8":0,"9":0,"10":0,"11":0},"b":{"0":[0,0],"1":[0,0]}}
,"C:\\Users\\Dagime\\Documents\\Learning\\Full-StackOpen Projets\\bloglist-frontend\\src\\main.jsx": {"path":"C:\\Users\\Dagime\\Documents\\Learning\\Full-StackOpen Projets\\bloglist-frontend\\src\\main.jsx","statementMap":{"0":{"start":{"line":4,"column":0},"end":{"line":4,"column":68}}},"fnMap":{},"branchMap":{},"s":{"0":0},"f":{},"b":{}}
,"C:\\Users\\Dagime\\Documents\\Learning\\Full-StackOpen Projets\\bloglist-frontend\\src\\components\\Blog.jsx": {"path":"C:\\Users\\Dagime\\Documents\\Learning\\Full-StackOpen Projets\\bloglist-frontend\\src\\components\\Blog.jsx","statementMap":{"0":{"start":{"line":3,"column":13},"end":{"line":69,"column":1}},"1":{"start":{"line":4,"column":20},"end":{"line":12,"column":3}},"2":{"start":{"line":13,"column":19},"end":{"line":17,"column":3}},"3":{"start":{"line":18,"column":34},"end":{"line":18,"column":49}},"4":{"start":{"line":19,"column":21},"end":{"line":19,"column":56}},"5":{"start":{"line":20,"column":21},"end":{"line":20,"column":56}},"6":{"start":{"line":21,"column":16},"end":{"line":21,"column":60}},"7":{"start":{"line":22,"column":19},"end":{"line":24,"column":3}},"8":{"start":{"line":23,"column":4},"end":{"line":23,"column":19}},"9":{"start":{"line":26,"column":17},"end":{"line":32,"column":3}},"10":{"start":{"line":27,"column":20},"end":{"line":30,"column":5}},"11":{"start":{"line":31,"column":4},"end":{"line":31,"column":22}},"12":{"start":{"line":33,"column":2},"end":{"line":68,"column":4}},"13":{"start":{"line":43,"column":14},"end":{"line":43,"column":32}},"14":{"start":{"line":59,"column":16},"end":{"line":59,"column":35}}},"fnMap":{"0":{"name":"(anonymous_0)","decl":{"start":{"line":3,"column":13},"end":{"line":3,"column":14}},"loc":{"start":{"line":3,"column":47},"end":{"line":69,"column":1}},"line":3},"1":{"name":"(anonymous_1)","decl":{"start":{"line":22,"column":19},"end":{"line":22,"column":20}},"loc":{"start":{"line":22,"column":25},"end":{"line":24,"column":3}},"line":22},"2":{"name":"(anonymous_2)","decl":{"start":{"line":26,"column":17},"end":{"line":26,"column":18}},"loc":{"start":{"line":26,"column":23},"end":{"line":32,"column":3}},"line":26},"3":{"name":"(anonymous_3)","decl":{"start":{"line":42,"column":21},"end":{"line":42,"column":22}},"loc":{"start":{"line":42,"column":27},"end":{"line":44,"column":13}},"line":42},"4":{"name":"(anonymous_4)","decl":{"start":{"line":58,"column":23},"end":{"line":58,"column":24}},"loc":{"start":{"line":58,"column":29},"end":{"line":60,"column":15}},"line":58}},"branchMap":{"0":{"loc":{"start":{"line":19,"column":32},"end":{"line":19,"column":54}},"type":"cond-expr","locations":[{"start":{"line":19,"column":43},"end":{"line":19,"column":45}},{"start":{"line":19,"column":48},"end":{"line":19,"column":54}}],"line":19},"1":{"loc":{"start":{"line":20,"column":32},"end":{"line":20,"column":54}},"type":"cond-expr","locations":[{"start":{"line":20,"column":43},"end":{"line":20,"column":49}},{"start":{"line":20,"column":52},"end":{"line":20,"column":54}}],"line":20}},"s":{"0":1,"1":4,"2":4,"3":4,"4":4,"5":4,"6":4,"7":4,"8":0,"9":4,"10":2,"11":2,"12":4,"13":1,"14":0},"f":{"0":4,"1":0,"2":2,"3":1,"4":0},"b":{"0":[1,3],"1":[1,3]},"_coverageSchema":"1a1c01bbd47fc00a2c39e90264f33305004495a9","hash":"4a9b17be733c7807e444ff720e230384d56d750c"}
,"C:\\Users\\Dagime\\Documents\\Learning\\Full-StackOpen Projets\\bloglist-frontend\\src\\components\\BlogForm.jsx": {"path":"C:\\Users\\Dagime\\Documents\\Learning\\Full-StackOpen Projets\\bloglist-frontend\\src\\components\\BlogForm.jsx","statementMap":{"0":{"start":{"line":4,"column":17},"end":{"line":56,"column":1}},"1":{"start":{"line":5,"column":28},"end":{"line":5,"column":40}},"2":{"start":{"line":6,"column":30},"end":{"line":6,"column":42}},"3":{"start":{"line":7,"column":24},"end":{"line":7,"column":36}},"4":{"start":{"line":8,"column":2},"end":{"line":55,"column":4}},"5":{"start":{"line":12,"column":8},"end":{"line":12,"column":27}},"6":{"start":{"line":13,"column":8},"end":{"line":17,"column":11}},"7":{"start":{"line":18,"column":8},"end":{"line":18,"column":21}},"8":{"start":{"line":19,"column":8},"end":{"line":19,"column":22}},"9":{"start":{"line":20,"column":8},"end":{"line":20,"column":19}},"10":{"start":{"line":26,"column":10},"end":{"line":26,"column":33}},"11":{"start":{"line":36,"column":10},"end":{"line":36,"column":34}},"12":{"start":{"line":46,"column":10},"end":{"line":46,"column":31}}},"fnMap":{"0":{"name":"(anonymous_0)","decl":{"start":{"line":4,"column":17},"end":{"line":4,"column":18}},"loc":{"start":{"line":4,"column":37},"end":{"line":56,"column":1}},"line":4},"1":{"name":"(anonymous_1)","decl":{"start":{"line":11,"column":16},"end":{"line":11,"column":17}},"loc":{"start":{"line":11,"column":23},"end":{"line":21,"column":7}},"line":11},"2":{"name":"(anonymous_2)","decl":{"start":{"line":25,"column":18},"end":{"line":25,"column":19}},"loc":{"start":{"line":25,"column":34},"end":{"line":27,"column":9}},"line":25},"3":{"name":"(anonymous_3)","decl":{"start":{"line":35,"column":18},"end":{"line":35,"column":19}},"loc":{"start":{"line":35,"column":34},"end":{"line":37,"column":9}},"line":35},"4":{"name":"(anonymous_4)","decl":{"start":{"line":45,"column":18},"end":{"line":45,"column":19}},"loc":{"start":{"line":45,"column":34},"end":{"line":47,"column":9}},"line":45}},"branchMap":{},"s":{"0":1,"1":46,"2":46,"3":46,"4":46,"5":1,"6":1,"7":1,"8":1,"9":1,"10":14,"11":6,"12":24},"f":{"0":46,"1":1,"2":14,"3":6,"4":24},"b":{},"_coverageSchema":"1a1c01bbd47fc00a2c39e90264f33305004495a9","hash":"070328c81ff8dbdaad75f3eca27d52b62d28c6f2"}
,"C:\\Users\\Dagime\\Documents\\Learning\\Full-StackOpen Projets\\bloglist-frontend\\src\\components\\LoginForm.jsx": {"path":"C:\\Users\\Dagime\\Documents\\Learning\\Full-StackOpen Projets\\bloglist-frontend\\src\\components\\LoginForm.jsx","statementMap":{"0":{"start":{"line":4,"column":18},"end":{"line":68,"column":1}},"1":{"start":{"line":5,"column":34},"end":{"line":5,"column":46}},"2":{"start":{"line":6,"column":34},"end":{"line":6,"column":46}},"3":{"start":{"line":7,"column":42},"end":{"line":7,"column":57}},"4":{"start":{"line":8,"column":26},"end":{"line":8,"column":65}},"5":{"start":{"line":9,"column":26},"end":{"line":9,"column":65}},"6":{"start":{"line":11,"column":24},"end":{"line":15,"column":3}},"7":{"start":{"line":12,"column":4},"end":{"line":12,"column":23}},"8":{"start":{"line":13,"column":4},"end":{"line":13,"column":27}},"9":{"start":{"line":14,"column":4},"end":{"line":14,"column":34}},"10":{"start":{"line":16,"column":19},"end":{"line":21,"column":3}},"11":{"start":{"line":17,"column":4},"end":{"line":17,"column":13}},"12":{"start":{"line":18,"column":4},"end":{"line":18,"column":27}},"13":{"start":{"line":19,"column":4},"end":{"line":19,"column":20}},"14":{"start":{"line":20,"column":4},"end":{"line":20,"column":20}},"15":{"start":{"line":22,"column":2},"end":{"line":67,"column":4}},"16":{"start":{"line":30,"column":14},"end":{"line":30,"column":36}},"17":{"start":{"line":41,"column":12},"end":{"line":41,"column":29}},"18":{"start":{"line":47,"column":14},"end":{"line":47,"column":40}},"19":{"start":{"line":58,"column":14},"end":{"line":58,"column":40}},"20":{"start":{"line":70,"column":0},"end":{"line":73,"column":2}}},"fnMap":{"0":{"name":"(anonymous_0)","decl":{"start":{"line":4,"column":18},"end":{"line":4,"column":19}},"loc":{"start":{"line":4,"column":47},"end":{"line":68,"column":1}},"line":4},"1":{"name":"(anonymous_1)","decl":{"start":{"line":11,"column":24},"end":{"line":11,"column":25}},"loc":{"start":{"line":11,"column":31},"end":{"line":15,"column":3}},"line":11},"2":{"name":"(anonymous_2)","decl":{"start":{"line":16,"column":19},"end":{"line":16,"column":20}},"loc":{"start":{"line":16,"column":25},"end":{"line":21,"column":3}},"line":16},"3":{"name":"(anonymous_3)","decl":{"start":{"line":29,"column":21},"end":{"line":29,"column":22}},"loc":{"start":{"line":29,"column":27},"end":{"line":31,"column":13}},"line":29},"4":{"name":"(anonymous_4)","decl":{"start":{"line":40,"column":20},"end":{"line":40,"column":21}},"loc":{"start":{"line":40,"column":27},"end":{"line":42,"column":11}},"line":40},"5":{"name":"(anonymous_5)","decl":{"start":{"line":46,"column":22},"end":{"line":46,"column":23}},"loc":{"start":{"line":46,"column":38},"end":{"line":48,"column":13}},"line":46},"6":{"name":"(anonymous_6)","decl":{"start":{"line":57,"column":22},"end":{"line":57,"column":23}},"loc":{"start":{"line":57,"column":38},"end":{"line":59,"column":13}},"line":57}},"branchMap":{"0":{"loc":{"start":{"line":8,"column":37},"end":{"line":8,"column":63}},"type":"cond-expr","locations":[{"start":{"line":8,"column":52},"end":{"line":8,"column":58}},{"start":{"line":8,"column":61},"end":{"line":8,"column":63}}],"line":8},"1":{"loc":{"start":{"line":9,"column":37},"end":{"line":9,"column":63}},"type":"cond-expr","locations":[{"start":{"line":9,"column":52},"end":{"line":9,"column":54}},{"start":{"line":9,"column":57},"end":{"line":9,"column":63}}],"line":9},"2":{"loc":{"start":{"line":25,"column":9},"end":{"line":35,"column":9}},"type":"cond-expr","locations":[{"start":{"line":26,"column":10},"end":{"line":26,"column":12}},{"start":{"line":28,"column":10},"end":{"line":34,"column":19}}],"line":25},"3":{"loc":{"start":{"line":65,"column":7},"end":{"line":65,"column":63}},"type":"cond-expr","locations":[{"start":{"line":65,"column":14},"end":{"line":65,"column":56}},{"start":{"line":65,"column":59},"end":{"line":65,"column":63}}],"line":65}},"s":{"0":0,"1":0,"2":0,"3":0,"4":0,"5":0,"6":0,"7":0,"8":0,"9":0,"10":0,"11":0,"12":0,"13":0,"14":0,"15":0,"16":0,"17":0,"18":0,"19":0,"20":0},"f":{"0":0,"1":0,"2":0,"3":0,"4":0,"5":0,"6":0},"b":{"0":[0,0],"1":[0,0],"2":[0,0],"3":[0,0]}}
,"C:\\Users\\Dagime\\Documents\\Learning\\Full-StackOpen Projets\\bloglist-frontend\\src\\components\\Notification.jsx": {"path":"C:\\Users\\Dagime\\Documents\\Learning\\Full-StackOpen Projets\\bloglist-frontend\\src\\components\\Notification.jsx","statementMap":{"0":{"start":{"line":3,"column":21},"end":{"line":8,"column":1}},"1":{"start":{"line":4,"column":2},"end":{"line":6,"column":3}},"2":{"start":{"line":5,"column":4},"end":{"line":5,"column":16}},"3":{"start":{"line":7,"column":2},"end":{"line":7,"column":67}}},"fnMap":{"0":{"name":"(anonymous_0)","decl":{"start":{"line":3,"column":21},"end":{"line":3,"column":22}},"loc":{"start":{"line":3,"column":43},"end":{"line":8,"column":1}},"line":3}},"branchMap":{"0":{"loc":{"start":{"line":4,"column":2},"end":{"line":6,"column":3}},"type":"if","locations":[{"start":{"line":4,"column":2},"end":{"line":6,"column":3}},{"start":{},"end":{}}],"line":4}},"s":{"0":0,"1":0,"2":0,"3":0},"f":{"0":0},"b":{"0":[0,0]}}
,"C:\\Users\\Dagime\\Documents\\Learning\\Full-StackOpen Projets\\bloglist-frontend\\src\\components\\Togglable.jsx": {"path":"C:\\Users\\Dagime\\Documents\\Learning\\Full-StackOpen Projets\\bloglist-frontend\\src\\components\\Togglable.jsx","statementMap":{"0":{"start":{"line":4,"column":18},"end":{"line":29,"column":2}},"1":{"start":{"line":5,"column":38},"end":{"line":5,"column":53}},"2":{"start":{"line":6,"column":26},"end":{"line":6,"column":63}},"3":{"start":{"line":7,"column":26},"end":{"line":7,"column":63}},"4":{"start":{"line":8,"column":27},"end":{"line":10,"column":3}},"5":{"start":{"line":9,"column":4},"end":{"line":9,"column":31}},"6":{"start":{"line":12,"column":2},"end":{"line":16,"column":5}},"7":{"start":{"line":13,"column":4},"end":{"line":15,"column":6}},"8":{"start":{"line":18,"column":2},"end":{"line":28,"column":4}},"9":{"start":{"line":31,"column":0},"end":{"line":33,"column":2}}},"fnMap":{"0":{"name":"(anonymous_0)","decl":{"start":{"line":4,"column":29},"end":{"line":4,"column":30}},"loc":{"start":{"line":4,"column":46},"end":{"line":29,"column":1}},"line":4},"1":{"name":"(anonymous_1)","decl":{"start":{"line":8,"column":27},"end":{"line":8,"column":28}},"loc":{"start":{"line":8,"column":33},"end":{"line":10,"column":3}},"line":8},"2":{"name":"(anonymous_2)","decl":{"start":{"line":12,"column":28},"end":{"line":12,"column":29}},"loc":{"start":{"line":12,"column":34},"end":{"line":16,"column":3}},"line":12}},"branchMap":{"0":{"loc":{"start":{"line":6,"column":37},"end":{"line":6,"column":61}},"type":"cond-expr","locations":[{"start":{"line":6,"column":50},"end":{"line":6,"column":52}},{"start":{"line":6,"column":55},"end":{"line":6,"column":61}}],"line":6},"1":{"loc":{"start":{"line":7,"column":37},"end":{"line":7,"column":61}},"type":"cond-expr","locations":[{"start":{"line":7,"column":50},"end":{"line":7,"column":56}},{"start":{"line":7,"column":59},"end":{"line":7,"column":61}}],"line":7}},"s":{"0":0,"1":0,"2":0,"3":0,"4":0,"5":0,"6":0,"7":0,"8":0,"9":0},"f":{"0":0,"1":0,"2":0},"b":{"0":[0,0],"1":[0,0]}}
,"C:\\Users\\Dagime\\Documents\\Learning\\Full-StackOpen Projets\\bloglist-frontend\\src\\services\\blogs.js": {"path":"C:\\Users\\Dagime\\Documents\\Learning\\Full-StackOpen Projets\\bloglist-frontend\\src\\services\\blogs.js","statementMap":{"0":{"start":{"line":2,"column":16},"end":{"line":2,"column":28}},"1":{"start":{"line":4,"column":12},"end":{"line":4,"column":16}},"2":{"start":{"line":6,"column":17},"end":{"line":8,"column":1}},"3":{"start":{"line":7,"column":2},"end":{"line":7,"column":31}},"4":{"start":{"line":10,"column":15},"end":{"line":13,"column":1}},"5":{"start":{"line":11,"column":18},"end":{"line":11,"column":36}},"6":{"start":{"line":12,"column":2},"end":{"line":12,"column":51}},"7":{"start":{"line":12,"column":36},"end":{"line":12,"column":49}},"8":{"start":{"line":14,"column":19},"end":{"line":20,"column":1}},"9":{"start":{"line":15,"column":17},"end":{"line":17,"column":3}},"10":{"start":{"line":18,"column":19},"end":{"line":18,"column":58}},"11":{"start":{"line":19,"column":2},"end":{"line":19,"column":23}},"12":{"start":{"line":22,"column":19},"end":{"line":27,"column":1}},"13":{"start":{"line":23,"column":17},"end":{"line":25,"column":3}},"14":{"start":{"line":26,"column":2},"end":{"line":26,"column":49}},"15":{"start":{"line":28,"column":19},"end":{"line":33,"column":1}},"16":{"start":{"line":29,"column":17},"end":{"line":31,"column":3}},"17":{"start":{"line":32,"column":2},"end":{"line":32,"column":59}}},"fnMap":{"0":{"name":"(anonymous_0)","decl":{"start":{"line":6,"column":17},"end":{"line":6,"column":18}},"loc":{"start":{"line":6,"column":31},"end":{"line":8,"column":1}},"line":6},"1":{"name":"(anonymous_1)","decl":{"start":{"line":10,"column":15},"end":{"line":10,"column":16}},"loc":{"start":{"line":10,"column":21},"end":{"line":13,"column":1}},"line":10},"2":{"name":"(anonymous_2)","decl":{"start":{"line":12,"column":22},"end":{"line":12,"column":23}},"loc":{"start":{"line":12,"column":36},"end":{"line":12,"column":49}},"line":12},"3":{"name":"(anonymous_3)","decl":{"start":{"line":14,"column":19},"end":{"line":14,"column":20}},"loc":{"start":{"line":14,"column":35},"end":{"line":20,"column":1}},"line":14},"4":{"name":"(anonymous_4)","decl":{"start":{"line":22,"column":19},"end":{"line":22,"column":20}},"loc":{"start":{"line":22,"column":33},"end":{"line":27,"column":1}},"line":22},"5":{"name":"(anonymous_5)","decl":{"start":{"line":28,"column":19},"end":{"line":28,"column":20}},"loc":{"start":{"line":28,"column":46},"end":{"line":33,"column":1}},"line":28}},"branchMap":{},"s":{"0":0,"1":0,"2":0,"3":0,"4":0,"5":0,"6":0,"7":0,"8":0,"9":0,"10":0,"11":0,"12":0,"13":0,"14":0,"15":0,"16":0,"17":0},"f":{"0":0,"1":0,"2":0,"3":0,"4":0,"5":0},"b":{}}
,"C:\\Users\\Dagime\\Documents\\Learning\\Full-StackOpen Projets\\bloglist-frontend\\src\\services\\login.js": {"path":"C:\\Users\\Dagime\\Documents\\Learning\\Full-StackOpen Projets\\bloglist-frontend\\src\\services\\login.js","statementMap":{"0":{"start":{"line":2,"column":16},"end":{"line":2,"column":28}},"1":{"start":{"line":4,"column":14},"end":{"line":7,"column":1}},"2":{"start":{"line":5,"column":19},"end":{"line":5,"column":57}},"3":{"start":{"line":6,"column":2},"end":{"line":6,"column":23}}},"fnMap":{"0":{"name":"(anonymous_0)","decl":{"start":{"line":4,"column":14},"end":{"line":4,"column":15}},"loc":{"start":{"line":4,"column":37},"end":{"line":7,"column":1}},"line":4}},"branchMap":{},"s":{"0":0,"1":0,"2":0,"3":0},"f":{"0":0},"b":{}}
}
